Arguments: 
  /home/xys/.nvm/versions/node/v17.2.0/bin/node /home/xys/.nvm/versions/node/v17.2.0/bin/yarn add @mediapipe/camera_utils @mediapipe/holistic kaildokit three

PATH: 
  /home/xys/.deno/bin:/home/xys/.nvm/versions/node/v17.2.0/bin:/home/xys/.cargo/bin:/usr/local/sbin:/usr/local/bin:/usr/sbin:/usr/bin:/sbin:/bin:/usr/games:/usr/local/games:/snap/bin:/home/xys/.local/bin:/home/xys/.local/pspdev/bin:/home/xys/.cargo/bin

Yarn version: 
  1.22.17

Node version: 
  17.2.0

Platform: 
  linux x64

Trace: 
  Error: https://registry.npm.taobao.org/kaildokit: Not found
      at Request.params.callback [as _callback] (/home/xys/.nvm/versions/node/v17.2.0/lib/node_modules/yarn/lib/cli.js:67029:18)
      at Request.self.callback (/home/xys/.nvm/versions/node/v17.2.0/lib/node_modules/yarn/lib/cli.js:140883:22)
      at Request.emit (node:events:390:28)
      at Request.<anonymous> (/home/xys/.nvm/versions/node/v17.2.0/lib/node_modules/yarn/lib/cli.js:141855:10)
      at Request.emit (node:events:390:28)
      at IncomingMessage.<anonymous> (/home/xys/.nvm/versions/node/v17.2.0/lib/node_modules/yarn/lib/cli.js:141777:12)
      at Object.onceWrapper (node:events:509:28)
      at IncomingMessage.emit (node:events:402:35)
      at endReadableNT (node:internal/streams/readable:1343:12)
      at processTicksAndRejections (node:internal/process/task_queues:83:21)

npm manifest: 
  {
    "name": "vtuber",
    "version": "0.0.0",
    "scripts": {
      "dev": "vite",
      "build": "tsc && vite build",
      "preview": "vite preview"
    },
    "devDependencies": {
      "typescript": "^4.4.4",
      "vite": "^2.7.2"
    }
  }

yarn manifest: 
  No manifest

Lockfile: 
  No lockfile
